   1              		.cpu cortex-m4
   2              		.eabi_attribute 27, 1
   3              		.eabi_attribute 20, 1
   4              		.eabi_attribute 21, 1
   5              		.eabi_attribute 23, 3
   6              		.eabi_attribute 24, 1
   7              		.eabi_attribute 25, 1
   8              		.eabi_attribute 26, 1
   9              		.eabi_attribute 30, 6
  10              		.eabi_attribute 34, 1
  11              		.eabi_attribute 18, 4
  12              		.file	"Events.c"
  13              		.text
  14              	.Ltext0:
  15              		.cfi_sections	.debug_frame
  16              		.section	.text.USB_Event_Stub,"ax",%progbits
  17              		.align	1
  18              		.global	USB_Event_Stub
  19              		.syntax unified
  20              		.thumb
  21              		.thumb_func
  22              		.fpu fpv4-sp-d16
  24              	USB_Event_Stub:
  25              	.LFB132:
  26              		.file 1 "/opt/XMClib/XMC_Peripheral_Library_v2.1.16/ThirdPartyLibraries/USBlib/USB/Core/Events.c"
   1:/opt/XMClib/XMC_Peripheral_Library_v2.1.16/ThirdPartyLibraries/USBlib/USB/Core/Events.c **** /*
   2:/opt/XMClib/XMC_Peripheral_Library_v2.1.16/ThirdPartyLibraries/USBlib/USB/Core/Events.c ****              LUFA Library
   3:/opt/XMClib/XMC_Peripheral_Library_v2.1.16/ThirdPartyLibraries/USBlib/USB/Core/Events.c ****      Copyright (C) Dean Camera, 2014.
   4:/opt/XMClib/XMC_Peripheral_Library_v2.1.16/ThirdPartyLibraries/USBlib/USB/Core/Events.c **** 
   5:/opt/XMClib/XMC_Peripheral_Library_v2.1.16/ThirdPartyLibraries/USBlib/USB/Core/Events.c ****   dean [at] fourwalledcubicle [dot] com
   6:/opt/XMClib/XMC_Peripheral_Library_v2.1.16/ThirdPartyLibraries/USBlib/USB/Core/Events.c ****            www.lufa-lib.org
   7:/opt/XMClib/XMC_Peripheral_Library_v2.1.16/ThirdPartyLibraries/USBlib/USB/Core/Events.c **** */
   8:/opt/XMClib/XMC_Peripheral_Library_v2.1.16/ThirdPartyLibraries/USBlib/USB/Core/Events.c **** 
   9:/opt/XMClib/XMC_Peripheral_Library_v2.1.16/ThirdPartyLibraries/USBlib/USB/Core/Events.c **** /*
  10:/opt/XMClib/XMC_Peripheral_Library_v2.1.16/ThirdPartyLibraries/USBlib/USB/Core/Events.c ****   Copyright 2014  Dean Camera (dean [at] fourwalledcubicle [dot] com)
  11:/opt/XMClib/XMC_Peripheral_Library_v2.1.16/ThirdPartyLibraries/USBlib/USB/Core/Events.c **** 
  12:/opt/XMClib/XMC_Peripheral_Library_v2.1.16/ThirdPartyLibraries/USBlib/USB/Core/Events.c ****   Permission to use, copy, modify, distribute, and sell this
  13:/opt/XMClib/XMC_Peripheral_Library_v2.1.16/ThirdPartyLibraries/USBlib/USB/Core/Events.c ****   software and its documentation for any purpose is hereby granted
  14:/opt/XMClib/XMC_Peripheral_Library_v2.1.16/ThirdPartyLibraries/USBlib/USB/Core/Events.c ****   without fee, provided that the above copyright notice appear in
  15:/opt/XMClib/XMC_Peripheral_Library_v2.1.16/ThirdPartyLibraries/USBlib/USB/Core/Events.c ****   all copies and that both that the copyright notice and this
  16:/opt/XMClib/XMC_Peripheral_Library_v2.1.16/ThirdPartyLibraries/USBlib/USB/Core/Events.c ****   permission notice and warranty disclaimer appear in supporting
  17:/opt/XMClib/XMC_Peripheral_Library_v2.1.16/ThirdPartyLibraries/USBlib/USB/Core/Events.c ****   documentation, and that the name of the author not be used in
  18:/opt/XMClib/XMC_Peripheral_Library_v2.1.16/ThirdPartyLibraries/USBlib/USB/Core/Events.c ****   advertising or publicity pertaining to distribution of the
  19:/opt/XMClib/XMC_Peripheral_Library_v2.1.16/ThirdPartyLibraries/USBlib/USB/Core/Events.c ****   software without specific, written prior permission.
  20:/opt/XMClib/XMC_Peripheral_Library_v2.1.16/ThirdPartyLibraries/USBlib/USB/Core/Events.c **** 
  21:/opt/XMClib/XMC_Peripheral_Library_v2.1.16/ThirdPartyLibraries/USBlib/USB/Core/Events.c ****   The author disclaims all warranties with regard to this
  22:/opt/XMClib/XMC_Peripheral_Library_v2.1.16/ThirdPartyLibraries/USBlib/USB/Core/Events.c ****   software, including all implied warranties of merchantability
  23:/opt/XMClib/XMC_Peripheral_Library_v2.1.16/ThirdPartyLibraries/USBlib/USB/Core/Events.c ****   and fitness.  In no event shall the author be liable for any
  24:/opt/XMClib/XMC_Peripheral_Library_v2.1.16/ThirdPartyLibraries/USBlib/USB/Core/Events.c ****   special, indirect or consequential damages or any damages
  25:/opt/XMClib/XMC_Peripheral_Library_v2.1.16/ThirdPartyLibraries/USBlib/USB/Core/Events.c ****   whatsoever resulting from loss of use, data or profits, whether
  26:/opt/XMClib/XMC_Peripheral_Library_v2.1.16/ThirdPartyLibraries/USBlib/USB/Core/Events.c ****   in an action of contract, negligence or other tortious action,
  27:/opt/XMClib/XMC_Peripheral_Library_v2.1.16/ThirdPartyLibraries/USBlib/USB/Core/Events.c ****   arising out of or in connection with the use or performance of
  28:/opt/XMClib/XMC_Peripheral_Library_v2.1.16/ThirdPartyLibraries/USBlib/USB/Core/Events.c ****   this software.
  29:/opt/XMClib/XMC_Peripheral_Library_v2.1.16/ThirdPartyLibraries/USBlib/USB/Core/Events.c **** */
  30:/opt/XMClib/XMC_Peripheral_Library_v2.1.16/ThirdPartyLibraries/USBlib/USB/Core/Events.c **** 
  31:/opt/XMClib/XMC_Peripheral_Library_v2.1.16/ThirdPartyLibraries/USBlib/USB/Core/Events.c **** #define  __INCLUDE_FROM_EVENTS_C
  32:/opt/XMClib/XMC_Peripheral_Library_v2.1.16/ThirdPartyLibraries/USBlib/USB/Core/Events.c **** #define  __INCLUDE_FROM_USB_DRIVER
  33:/opt/XMClib/XMC_Peripheral_Library_v2.1.16/ThirdPartyLibraries/USBlib/USB/Core/Events.c **** #include "Events.h"
  34:/opt/XMClib/XMC_Peripheral_Library_v2.1.16/ThirdPartyLibraries/USBlib/USB/Core/Events.c **** 
  35:/opt/XMClib/XMC_Peripheral_Library_v2.1.16/ThirdPartyLibraries/USBlib/USB/Core/Events.c **** void USB_Event_Stub(void)
  36:/opt/XMClib/XMC_Peripheral_Library_v2.1.16/ThirdPartyLibraries/USBlib/USB/Core/Events.c **** {
  27              		.loc 1 36 0
  28              		.cfi_startproc
  29              		@ args = 0, pretend = 0, frame = 0
  30              		@ frame_needed = 1, uses_anonymous_args = 0
  31              		@ link register save eliminated.
  32 0000 80B4     		push	{r7}
  33              	.LCFI0:
  34              		.cfi_def_cfa_offset 4
  35              		.cfi_offset 7, -4
  36 0002 00AF     		add	r7, sp, #0
  37              	.LCFI1:
  38              		.cfi_def_cfa_register 7
  37:/opt/XMClib/XMC_Peripheral_Library_v2.1.16/ThirdPartyLibraries/USBlib/USB/Core/Events.c **** 
  38:/opt/XMClib/XMC_Peripheral_Library_v2.1.16/ThirdPartyLibraries/USBlib/USB/Core/Events.c **** }
  39              		.loc 1 38 0
  40 0004 00BF     		nop
  41 0006 BD46     		mov	sp, r7
  42              	.LCFI2:
  43              		.cfi_def_cfa_register 13
  44              		@ sp needed
  45 0008 5DF8047B 		ldr	r7, [sp], #4
  46              	.LCFI3:
  47              		.cfi_restore 7
  48              		.cfi_def_cfa_offset 0
  49 000c 7047     		bx	lr
  50              		.cfi_endproc
  51              	.LFE132:
  53              		.weak	EVENT_USB_Device_StartOfFrame
  54              		.thumb_set EVENT_USB_Device_StartOfFrame,USB_Event_Stub
  55              		.weak	EVENT_USB_Device_Reset
  56              		.thumb_set EVENT_USB_Device_Reset,USB_Event_Stub
  57              		.weak	EVENT_USB_Device_WakeUp
  58              		.thumb_set EVENT_USB_Device_WakeUp,USB_Event_Stub
  59              		.weak	EVENT_USB_Device_Suspend
  60              		.thumb_set EVENT_USB_Device_Suspend,USB_Event_Stub
  61              		.weak	EVENT_USB_Device_ConfigurationChanged
  62              		.thumb_set EVENT_USB_Device_ConfigurationChanged,USB_Event_Stub
  63              		.weak	EVENT_USB_Device_ControlRequest
  64              		.thumb_set EVENT_USB_Device_ControlRequest,USB_Event_Stub
  65              		.weak	EVENT_USB_Device_Disconnect
  66              		.thumb_set EVENT_USB_Device_Disconnect,USB_Event_Stub
  67              		.weak	EVENT_USB_Device_Connect
  68              		.thumb_set EVENT_USB_Device_Connect,USB_Event_Stub
  69              		.text
  70              	.Letext0:
  71              		.file 2 "/usr/arm-none-eabi/include/machine/_default_types.h"
  72              		.file 3 "/usr/arm-none-eabi/include/sys/_stdint.h"
  73              		.file 4 "/usr/arm-none-eabi/include/sys/lock.h"
  74              		.file 5 "/usr/arm-none-eabi/include/sys/_types.h"
  75              		.file 6 "/usr/lib/gcc/arm-none-eabi/7.3.1/include/stddef.h"
  76              		.file 7 "/usr/arm-none-eabi/include/sys/reent.h"
  77              		.file 8 "/opt/XMClib/XMC_Peripheral_Library_v2.1.16/CMSIS/Include/core_cm4.h"
  78              		.file 9 "/opt/XMClib/XMC_Peripheral_Library_v2.1.16/CMSIS/Infineon/XMC4500_series/Include/system_X
DEFINED SYMBOLS
                            *ABS*:0000000000000000 Events.c
     /tmp/ccCi7SAJ.s:17     .text.USB_Event_Stub:0000000000000000 $t
     /tmp/ccCi7SAJ.s:24     .text.USB_Event_Stub:0000000000000000 USB_Event_Stub
     /tmp/ccCi7SAJ.s:24     .text.USB_Event_Stub:0000000000000000 EVENT_USB_Device_StartOfFrame
     /tmp/ccCi7SAJ.s:24     .text.USB_Event_Stub:0000000000000000 EVENT_USB_Device_Reset
     /tmp/ccCi7SAJ.s:24     .text.USB_Event_Stub:0000000000000000 EVENT_USB_Device_WakeUp
     /tmp/ccCi7SAJ.s:24     .text.USB_Event_Stub:0000000000000000 EVENT_USB_Device_Suspend
     /tmp/ccCi7SAJ.s:24     .text.USB_Event_Stub:0000000000000000 EVENT_USB_Device_ConfigurationChanged
     /tmp/ccCi7SAJ.s:24     .text.USB_Event_Stub:0000000000000000 EVENT_USB_Device_ControlRequest
     /tmp/ccCi7SAJ.s:24     .text.USB_Event_Stub:0000000000000000 EVENT_USB_Device_Disconnect
     /tmp/ccCi7SAJ.s:24     .text.USB_Event_Stub:0000000000000000 EVENT_USB_Device_Connect
                           .group:0000000000000000 wm4.0.7a9f4dea188ccacb7d502cdcabb040c1
                           .group:0000000000000000 wm4.Common.h.60.c2f00e237f5994003db83c2422602b22
                           .group:0000000000000000 wm4._newlib_version.h.4.875b979a44719054cd750d0952ad3fd6
                           .group:0000000000000000 wm4.features.h.33.5bd1eea2d80518b50f7af0b5ce6750e0
                           .group:0000000000000000 wm4._default_types.h.15.247e5cd201eca3442cbf5404108c4935
                           .group:0000000000000000 wm4._intsup.h.10.cce27fed8484c08a33f522034c30d2b5
                           .group:0000000000000000 wm4._stdint.h.10.c24fa3af3bc1706662bb5593a907e841
                           .group:0000000000000000 wm4.stdint.h.23.d53047a68f4a85177f80b422d52785ed
                           .group:0000000000000000 wm4.stdbool.h.29.07dce69c3b78884144b7f7bd19483461
                           .group:0000000000000000 wm4.newlib.h.8.f6e543eac3f2f65163ba2ffe3b04987b
                           .group:0000000000000000 wm4.ieeefp.h.77.220d9cccac42cd58761758bee2df4ce6
                           .group:0000000000000000 wm4.config.h.220.6cac6a9685cfce5e83c17784171638d9
                           .group:0000000000000000 wm4._ansi.h.31.de524f58584151836e90d8620a16f8e8
                           .group:0000000000000000 wm4.stddef.h.39.99b5021e28f91cdb161c889e07266673
                           .group:0000000000000000 wm4.lock.h.2.1461d1fff82dffe8bfddc23307f6484f
                           .group:0000000000000000 wm4._types.h.125.5cf8a495f1f7ef36777ad868a1e32068
                           .group:0000000000000000 wm4.stddef.h.161.5349cb105733e8777bfb0cf53c4e3f34
                           .group:0000000000000000 wm4._types.h.184.03611d4f6b5bec9997bcf4279eceba07
                           .group:0000000000000000 wm4.reent.h.17.90c2574d4acdcfce933db5cb09ff35fe
                           .group:0000000000000000 wm4.cdefs.h.47.14fad0b327eb9dcf106599b738d85132
                           .group:0000000000000000 wm4.string.h.15.dab3980bf35408a4c507182805e2de3a
                           .group:0000000000000000 wm4.stddef.h.161.19e15733342b50ead2919490b095303e
                           .group:0000000000000000 wm4.BoardTypes.h.52.ca64813ccee737bcc2115eab5e075fdb
                           .group:0000000000000000 wm4.CompilerSpecific.h.55.4a5e5ff77cd35e49c89cf2115251aee0
                           .group:0000000000000000 wm4.Attributes.h.56.73b3ee26b0836c2dec569a5fa6f1b355
                           .group:0000000000000000 wm4.xmc_device.h.61.ba2d082e12f51240746cffdd60d42b81
                           .group:0000000000000000 wm4.XMC4500.h.55.9aa45b9b5790506b2dcb963e4e7adeaf
                           .group:0000000000000000 wm4.core_cm4.h.32.6c6eb1c8daeca23ce7ba79c8e8120d52
                           .group:0000000000000000 wm4.cmsis_gcc.h.26.91b63349961c35637933e4fba51b867b
                           .group:0000000000000000 wm4.core_cm4.h.172.fdd5a388a160bb6ff767b7d7ee212268
                           .group:0000000000000000 wm4.system_XMC4500.h.42.99124977c10ca8844a71949adbeabd70
                           .group:0000000000000000 wm4.XMC4500.h.208.b340195df97f067735c4c769ba59985a
                           .group:0000000000000000 wm4.xmc_device.h.1460.8860499b404961ffcfbb8d1fefcb2146
                           .group:0000000000000000 wm4.xmc_common.h.92.3f4336a80569affab05a81145b87c2fc
                           .group:0000000000000000 wm4.Endianness.h.57.3ac00c5468f4b91b806a0e6dba047e9c
                           .group:0000000000000000 wm4.Common.h.105.4b937a9cc9dcdb26c3f07541b0b763a8
                           .group:0000000000000000 wm4.USBMode.h.56.a52f788f0e008ddfa05fc21a83026151

NO UNDEFINED SYMBOLS
