   1              		.cpu cortex-m4
   2              		.eabi_attribute 27, 1
   3              		.eabi_attribute 20, 1
   4              		.eabi_attribute 21, 1
   5              		.eabi_attribute 23, 3
   6              		.eabi_attribute 24, 1
   7              		.eabi_attribute 25, 1
   8              		.eabi_attribute 26, 1
   9              		.eabi_attribute 30, 6
  10              		.eabi_attribute 34, 1
  11              		.eabi_attribute 18, 4
  12              		.file	"xmc_gpio.c"
  13              		.text
  14              	.Ltext0:
  15              		.cfi_sections	.debug_frame
  16              		.section	.text.XMC_GPIO_SetMode,"ax",%progbits
  17              		.align	1
  18              		.global	XMC_GPIO_SetMode
  19              		.syntax unified
  20              		.thumb
  21              		.thumb_func
  22              		.fpu fpv4-sp-d16
  24              	XMC_GPIO_SetMode:
  25              	.LFB138:
  26              		.file 1 "/opt/XMClib/XMC_Peripheral_Library_v2.1.16/XMCLib/src/xmc_gpio.c"
   1:/opt/XMClib/XMC_Peripheral_Library_v2.1.16/XMCLib/src/xmc_gpio.c **** /**
   2:/opt/XMClib/XMC_Peripheral_Library_v2.1.16/XMCLib/src/xmc_gpio.c ****  * @file xmc_gpio.c
   3:/opt/XMClib/XMC_Peripheral_Library_v2.1.16/XMCLib/src/xmc_gpio.c ****  * @date 2015-06-20
   4:/opt/XMClib/XMC_Peripheral_Library_v2.1.16/XMCLib/src/xmc_gpio.c ****  *
   5:/opt/XMClib/XMC_Peripheral_Library_v2.1.16/XMCLib/src/xmc_gpio.c ****  * @cond
   6:/opt/XMClib/XMC_Peripheral_Library_v2.1.16/XMCLib/src/xmc_gpio.c ****  **************************************************************************************************
   7:/opt/XMClib/XMC_Peripheral_Library_v2.1.16/XMCLib/src/xmc_gpio.c ****  * XMClib v2.1.16 - XMC Peripheral Driver Library 
   8:/opt/XMClib/XMC_Peripheral_Library_v2.1.16/XMCLib/src/xmc_gpio.c ****  *
   9:/opt/XMClib/XMC_Peripheral_Library_v2.1.16/XMCLib/src/xmc_gpio.c ****  * Copyright (c) 2015-2017, Infineon Technologies AG
  10:/opt/XMClib/XMC_Peripheral_Library_v2.1.16/XMCLib/src/xmc_gpio.c ****  * All rights reserved.                        
  11:/opt/XMClib/XMC_Peripheral_Library_v2.1.16/XMCLib/src/xmc_gpio.c ****  *                                             
  12:/opt/XMClib/XMC_Peripheral_Library_v2.1.16/XMCLib/src/xmc_gpio.c ****  * Redistribution and use in source and binary forms, with or without modification,are permitted pr
  13:/opt/XMClib/XMC_Peripheral_Library_v2.1.16/XMCLib/src/xmc_gpio.c ****  * following conditions are met:   
  14:/opt/XMClib/XMC_Peripheral_Library_v2.1.16/XMCLib/src/xmc_gpio.c ****  *                                                                              
  15:/opt/XMClib/XMC_Peripheral_Library_v2.1.16/XMCLib/src/xmc_gpio.c ****  * Redistributions of source code must retain the above copyright notice, this list of conditions a
  16:/opt/XMClib/XMC_Peripheral_Library_v2.1.16/XMCLib/src/xmc_gpio.c ****  * disclaimer.                        
  17:/opt/XMClib/XMC_Peripheral_Library_v2.1.16/XMCLib/src/xmc_gpio.c ****  * 
  18:/opt/XMClib/XMC_Peripheral_Library_v2.1.16/XMCLib/src/xmc_gpio.c ****  * Redistributions in binary form must reproduce the above copyright notice, this list of condition
  19:/opt/XMClib/XMC_Peripheral_Library_v2.1.16/XMCLib/src/xmc_gpio.c ****  * disclaimer in the documentation and/or other materials provided with the distribution.          
  20:/opt/XMClib/XMC_Peripheral_Library_v2.1.16/XMCLib/src/xmc_gpio.c ****  * 
  21:/opt/XMClib/XMC_Peripheral_Library_v2.1.16/XMCLib/src/xmc_gpio.c ****  * Neither the name of the copyright holders nor the names of its contributors may be used to endor
  22:/opt/XMClib/XMC_Peripheral_Library_v2.1.16/XMCLib/src/xmc_gpio.c ****  * products derived from this software without specific prior written permission.                  
  23:/opt/XMClib/XMC_Peripheral_Library_v2.1.16/XMCLib/src/xmc_gpio.c ****  *                                                                              
  24:/opt/XMClib/XMC_Peripheral_Library_v2.1.16/XMCLib/src/xmc_gpio.c ****  * THIS SOFTWARE IS PROVIDED BY THE COPYRIGHT HOLDERS AND CONTRIBUTORS "AS IS" AND ANY EXPRESS OR I
  25:/opt/XMClib/XMC_Peripheral_Library_v2.1.16/XMCLib/src/xmc_gpio.c ****  * INCLUDING, BUT NOT LIMITED TO, THE IMPLIED WARRANTIES OF MERCHANTABILITY AND FITNESS FOR A PARTI
  26:/opt/XMClib/XMC_Peripheral_Library_v2.1.16/XMCLib/src/xmc_gpio.c ****  * DISCLAIMED. IN NO EVENT SHALL THE COPYRIGHT HOLDER OR CONTRIBUTORS BE LIABLE  FOR ANY DIRECT, IN
  27:/opt/XMClib/XMC_Peripheral_Library_v2.1.16/XMCLib/src/xmc_gpio.c ****  * SPECIAL, EXEMPLARY, OR CONSEQUENTIAL DAMAGES (INCLUDING, BUT NOT LIMITED TO, PROCUREMENT OF SUBS
  28:/opt/XMClib/XMC_Peripheral_Library_v2.1.16/XMCLib/src/xmc_gpio.c ****  * SERVICES; LOSS OF USE, DATA, OR PROFITS; OR BUSINESS INTERRUPTION) HOWEVER CAUSED AND ON ANY THE
  29:/opt/XMClib/XMC_Peripheral_Library_v2.1.16/XMCLib/src/xmc_gpio.c ****  * WHETHER IN CONTRACT, STRICT LIABILITY,OR TORT (INCLUDING NEGLIGENCE OR OTHERWISE) ARISING IN ANY
  30:/opt/XMClib/XMC_Peripheral_Library_v2.1.16/XMCLib/src/xmc_gpio.c ****  * OF THIS SOFTWARE, EVEN IF ADVISED OF THE POSSIBILITY OF SUCH DAMAGE.                            
  31:/opt/XMClib/XMC_Peripheral_Library_v2.1.16/XMCLib/src/xmc_gpio.c ****  *                                                                              
  32:/opt/XMClib/XMC_Peripheral_Library_v2.1.16/XMCLib/src/xmc_gpio.c ****  * To improve the quality of the software, users are encouraged to share modifications, enhancement
  33:/opt/XMClib/XMC_Peripheral_Library_v2.1.16/XMCLib/src/xmc_gpio.c ****  * Infineon Technologies AG dave@infineon.com).                                                    
  34:/opt/XMClib/XMC_Peripheral_Library_v2.1.16/XMCLib/src/xmc_gpio.c ****  **************************************************************************************************
  35:/opt/XMClib/XMC_Peripheral_Library_v2.1.16/XMCLib/src/xmc_gpio.c ****  *
  36:/opt/XMClib/XMC_Peripheral_Library_v2.1.16/XMCLib/src/xmc_gpio.c ****  * Change History
  37:/opt/XMClib/XMC_Peripheral_Library_v2.1.16/XMCLib/src/xmc_gpio.c ****  * --------------
  38:/opt/XMClib/XMC_Peripheral_Library_v2.1.16/XMCLib/src/xmc_gpio.c ****  *
  39:/opt/XMClib/XMC_Peripheral_Library_v2.1.16/XMCLib/src/xmc_gpio.c ****  * 2015-02-20:
  40:/opt/XMClib/XMC_Peripheral_Library_v2.1.16/XMCLib/src/xmc_gpio.c ****  *     - Initial draft <br>
  41:/opt/XMClib/XMC_Peripheral_Library_v2.1.16/XMCLib/src/xmc_gpio.c ****  *      
  42:/opt/XMClib/XMC_Peripheral_Library_v2.1.16/XMCLib/src/xmc_gpio.c ****  * 2015-06-20:
  43:/opt/XMClib/XMC_Peripheral_Library_v2.1.16/XMCLib/src/xmc_gpio.c ****  *     - Removed version macros and declaration of GetDriverVersion API
  44:/opt/XMClib/XMC_Peripheral_Library_v2.1.16/XMCLib/src/xmc_gpio.c ****  *
  45:/opt/XMClib/XMC_Peripheral_Library_v2.1.16/XMCLib/src/xmc_gpio.c ****  * @endcond
  46:/opt/XMClib/XMC_Peripheral_Library_v2.1.16/XMCLib/src/xmc_gpio.c ****  *
  47:/opt/XMClib/XMC_Peripheral_Library_v2.1.16/XMCLib/src/xmc_gpio.c ****  */
  48:/opt/XMClib/XMC_Peripheral_Library_v2.1.16/XMCLib/src/xmc_gpio.c **** 
  49:/opt/XMClib/XMC_Peripheral_Library_v2.1.16/XMCLib/src/xmc_gpio.c **** /*******************************************************************************
  50:/opt/XMClib/XMC_Peripheral_Library_v2.1.16/XMCLib/src/xmc_gpio.c ****  * HEADER FILES
  51:/opt/XMClib/XMC_Peripheral_Library_v2.1.16/XMCLib/src/xmc_gpio.c ****  *******************************************************************************/
  52:/opt/XMClib/XMC_Peripheral_Library_v2.1.16/XMCLib/src/xmc_gpio.c **** 
  53:/opt/XMClib/XMC_Peripheral_Library_v2.1.16/XMCLib/src/xmc_gpio.c **** #include <xmc_gpio.h>
  54:/opt/XMClib/XMC_Peripheral_Library_v2.1.16/XMCLib/src/xmc_gpio.c **** 
  55:/opt/XMClib/XMC_Peripheral_Library_v2.1.16/XMCLib/src/xmc_gpio.c **** /*******************************************************************************
  56:/opt/XMClib/XMC_Peripheral_Library_v2.1.16/XMCLib/src/xmc_gpio.c ****  * MACROS
  57:/opt/XMClib/XMC_Peripheral_Library_v2.1.16/XMCLib/src/xmc_gpio.c ****  *******************************************************************************/
  58:/opt/XMClib/XMC_Peripheral_Library_v2.1.16/XMCLib/src/xmc_gpio.c **** 
  59:/opt/XMClib/XMC_Peripheral_Library_v2.1.16/XMCLib/src/xmc_gpio.c **** #define PORT_HWSEL_Msk PORT0_HWSEL_HW0_Msk
  60:/opt/XMClib/XMC_Peripheral_Library_v2.1.16/XMCLib/src/xmc_gpio.c **** 
  61:/opt/XMClib/XMC_Peripheral_Library_v2.1.16/XMCLib/src/xmc_gpio.c **** /*******************************************************************************
  62:/opt/XMClib/XMC_Peripheral_Library_v2.1.16/XMCLib/src/xmc_gpio.c ****  * API IMPLEMENTATION
  63:/opt/XMClib/XMC_Peripheral_Library_v2.1.16/XMCLib/src/xmc_gpio.c ****  *******************************************************************************/
  64:/opt/XMClib/XMC_Peripheral_Library_v2.1.16/XMCLib/src/xmc_gpio.c **** 
  65:/opt/XMClib/XMC_Peripheral_Library_v2.1.16/XMCLib/src/xmc_gpio.c **** void XMC_GPIO_SetMode(XMC_GPIO_PORT_t *const port, const uint8_t pin, const XMC_GPIO_MODE_t mode)
  66:/opt/XMClib/XMC_Peripheral_Library_v2.1.16/XMCLib/src/xmc_gpio.c **** {
  27              		.loc 1 66 0
  28              		.cfi_startproc
  29              		@ args = 0, pretend = 0, frame = 8
  30              		@ frame_needed = 1, uses_anonymous_args = 0
  31              		@ link register save eliminated.
  32 0000 80B4     		push	{r7}
  33              	.LCFI0:
  34              		.cfi_def_cfa_offset 4
  35              		.cfi_offset 7, -4
  36 0002 83B0     		sub	sp, sp, #12
  37              	.LCFI1:
  38              		.cfi_def_cfa_offset 16
  39 0004 00AF     		add	r7, sp, #0
  40              	.LCFI2:
  41              		.cfi_def_cfa_register 7
  42 0006 7860     		str	r0, [r7, #4]
  43 0008 0B46     		mov	r3, r1
  44 000a FB70     		strb	r3, [r7, #3]
  45 000c 1346     		mov	r3, r2
  46 000e BB70     		strb	r3, [r7, #2]
  67:/opt/XMClib/XMC_Peripheral_Library_v2.1.16/XMCLib/src/xmc_gpio.c ****   XMC_ASSERT("XMC_GPIO_SetMode: Invalid port", XMC_GPIO_CHECK_PORT(port));
  68:/opt/XMClib/XMC_Peripheral_Library_v2.1.16/XMCLib/src/xmc_gpio.c ****   XMC_ASSERT("XMC_GPIO_SetMode: Invalid mode", XMC_GPIO_IsModeValid(mode));
  69:/opt/XMClib/XMC_Peripheral_Library_v2.1.16/XMCLib/src/xmc_gpio.c **** 
  70:/opt/XMClib/XMC_Peripheral_Library_v2.1.16/XMCLib/src/xmc_gpio.c ****   port->IOCR[(uint32_t)pin >> 2U] &= ~(uint32_t)((uint32_t)PORT_IOCR_PC_Msk << ((uint32_t)PORT_IOCR
  47              		.loc 1 70 0
  48 0010 FB78     		ldrb	r3, [r7, #3]	@ zero_extendqisi2
  49 0012 9B08     		lsrs	r3, r3, #2
  50 0014 DBB2     		uxtb	r3, r3
  51 0016 1A46     		mov	r2, r3
  52 0018 7B68     		ldr	r3, [r7, #4]
  53 001a 0432     		adds	r2, r2, #4
  54 001c 53F82220 		ldr	r2, [r3, r2, lsl #2]
  55 0020 FB78     		ldrb	r3, [r7, #3]	@ zero_extendqisi2
  56 0022 03F00303 		and	r3, r3, #3
  57 0026 DB00     		lsls	r3, r3, #3
  58 0028 F821     		movs	r1, #248
  59 002a 01FA03F3 		lsl	r3, r1, r3
  60 002e DB43     		mvns	r3, r3
  61 0030 F978     		ldrb	r1, [r7, #3]	@ zero_extendqisi2
  62 0032 8908     		lsrs	r1, r1, #2
  63 0034 C9B2     		uxtb	r1, r1
  64 0036 0846     		mov	r0, r1
  65 0038 02EA0301 		and	r1, r2, r3
  66 003c 7B68     		ldr	r3, [r7, #4]
  67 003e 021D     		adds	r2, r0, #4
  68 0040 43F82210 		str	r1, [r3, r2, lsl #2]
  71:/opt/XMClib/XMC_Peripheral_Library_v2.1.16/XMCLib/src/xmc_gpio.c ****   port->IOCR[(uint32_t)pin >> 2U] |= (uint32_t)mode << ((uint32_t)PORT_IOCR_PC_Size * ((uint32_t)pi
  69              		.loc 1 71 0
  70 0044 FB78     		ldrb	r3, [r7, #3]	@ zero_extendqisi2
  71 0046 9B08     		lsrs	r3, r3, #2
  72 0048 DBB2     		uxtb	r3, r3
  73 004a 1A46     		mov	r2, r3
  74 004c 7B68     		ldr	r3, [r7, #4]
  75 004e 0432     		adds	r2, r2, #4
  76 0050 53F82220 		ldr	r2, [r3, r2, lsl #2]
  77 0054 B978     		ldrb	r1, [r7, #2]	@ zero_extendqisi2
  78 0056 FB78     		ldrb	r3, [r7, #3]	@ zero_extendqisi2
  79 0058 03F00303 		and	r3, r3, #3
  80 005c DB00     		lsls	r3, r3, #3
  81 005e 01FA03F3 		lsl	r3, r1, r3
  82 0062 F978     		ldrb	r1, [r7, #3]	@ zero_extendqisi2
  83 0064 8908     		lsrs	r1, r1, #2
  84 0066 C9B2     		uxtb	r1, r1
  85 0068 0846     		mov	r0, r1
  86 006a 42EA0301 		orr	r1, r2, r3
  87 006e 7B68     		ldr	r3, [r7, #4]
  88 0070 021D     		adds	r2, r0, #4
  89 0072 43F82210 		str	r1, [r3, r2, lsl #2]
  72:/opt/XMClib/XMC_Peripheral_Library_v2.1.16/XMCLib/src/xmc_gpio.c **** }
  90              		.loc 1 72 0
  91 0076 00BF     		nop
  92 0078 0C37     		adds	r7, r7, #12
  93              	.LCFI3:
  94              		.cfi_def_cfa_offset 4
  95 007a BD46     		mov	sp, r7
  96              	.LCFI4:
  97              		.cfi_def_cfa_register 13
  98              		@ sp needed
  99 007c 5DF8047B 		ldr	r7, [sp], #4
 100              	.LCFI5:
 101              		.cfi_restore 7
 102              		.cfi_def_cfa_offset 0
 103 0080 7047     		bx	lr
 104              		.cfi_endproc
 105              	.LFE138:
 107              		.section	.text.XMC_GPIO_SetHardwareControl,"ax",%progbits
 108              		.align	1
 109              		.global	XMC_GPIO_SetHardwareControl
 110              		.syntax unified
 111              		.thumb
 112              		.thumb_func
 113              		.fpu fpv4-sp-d16
 115              	XMC_GPIO_SetHardwareControl:
 116              	.LFB139:
  73:/opt/XMClib/XMC_Peripheral_Library_v2.1.16/XMCLib/src/xmc_gpio.c **** 
  74:/opt/XMClib/XMC_Peripheral_Library_v2.1.16/XMCLib/src/xmc_gpio.c **** void XMC_GPIO_SetHardwareControl(XMC_GPIO_PORT_t *const port, const uint8_t pin, const XMC_GPIO_HWC
  75:/opt/XMClib/XMC_Peripheral_Library_v2.1.16/XMCLib/src/xmc_gpio.c **** {
 117              		.loc 1 75 0
 118              		.cfi_startproc
 119              		@ args = 0, pretend = 0, frame = 8
 120              		@ frame_needed = 1, uses_anonymous_args = 0
 121              		@ link register save eliminated.
 122 0000 80B4     		push	{r7}
 123              	.LCFI6:
 124              		.cfi_def_cfa_offset 4
 125              		.cfi_offset 7, -4
 126 0002 83B0     		sub	sp, sp, #12
 127              	.LCFI7:
 128              		.cfi_def_cfa_offset 16
 129 0004 00AF     		add	r7, sp, #0
 130              	.LCFI8:
 131              		.cfi_def_cfa_register 7
 132 0006 7860     		str	r0, [r7, #4]
 133 0008 0B46     		mov	r3, r1
 134 000a FB70     		strb	r3, [r7, #3]
 135 000c 1346     		mov	r3, r2
 136 000e BB70     		strb	r3, [r7, #2]
  76:/opt/XMClib/XMC_Peripheral_Library_v2.1.16/XMCLib/src/xmc_gpio.c ****   XMC_ASSERT("XMC_GPIO_SetHardwareControl: Invalid port", XMC_GPIO_CHECK_PORT(port));
  77:/opt/XMClib/XMC_Peripheral_Library_v2.1.16/XMCLib/src/xmc_gpio.c ****   XMC_ASSERT("XMC_GPIO_SetHardwareControl: Invalid hwctrl", XMC_GPIO_CHECK_HWCTRL(hwctrl));
  78:/opt/XMClib/XMC_Peripheral_Library_v2.1.16/XMCLib/src/xmc_gpio.c **** 
  79:/opt/XMClib/XMC_Peripheral_Library_v2.1.16/XMCLib/src/xmc_gpio.c ****   port->HWSEL &= ~(uint32_t)((uint32_t)PORT_HWSEL_Msk << ((uint32_t)pin << 1U));
 137              		.loc 1 79 0
 138 0010 7B68     		ldr	r3, [r7, #4]
 139 0012 5A6F     		ldr	r2, [r3, #116]
 140 0014 FB78     		ldrb	r3, [r7, #3]	@ zero_extendqisi2
 141 0016 5B00     		lsls	r3, r3, #1
 142 0018 0321     		movs	r1, #3
 143 001a 01FA03F3 		lsl	r3, r1, r3
 144 001e DB43     		mvns	r3, r3
 145 0020 1A40     		ands	r2, r2, r3
 146 0022 7B68     		ldr	r3, [r7, #4]
 147 0024 5A67     		str	r2, [r3, #116]
  80:/opt/XMClib/XMC_Peripheral_Library_v2.1.16/XMCLib/src/xmc_gpio.c ****   port->HWSEL |= (uint32_t)hwctrl << ((uint32_t)pin << 1U);
 148              		.loc 1 80 0
 149 0026 7B68     		ldr	r3, [r7, #4]
 150 0028 5A6F     		ldr	r2, [r3, #116]
 151 002a B978     		ldrb	r1, [r7, #2]	@ zero_extendqisi2
 152 002c FB78     		ldrb	r3, [r7, #3]	@ zero_extendqisi2
 153 002e 5B00     		lsls	r3, r3, #1
 154 0030 01FA03F3 		lsl	r3, r1, r3
 155 0034 1A43     		orrs	r2, r2, r3
 156 0036 7B68     		ldr	r3, [r7, #4]
 157 0038 5A67     		str	r2, [r3, #116]
  81:/opt/XMClib/XMC_Peripheral_Library_v2.1.16/XMCLib/src/xmc_gpio.c **** }
 158              		.loc 1 81 0
 159 003a 00BF     		nop
 160 003c 0C37     		adds	r7, r7, #12
 161              	.LCFI9:
 162              		.cfi_def_cfa_offset 4
 163 003e BD46     		mov	sp, r7
 164              	.LCFI10:
 165              		.cfi_def_cfa_register 13
 166              		@ sp needed
 167 0040 5DF8047B 		ldr	r7, [sp], #4
 168              	.LCFI11:
 169              		.cfi_restore 7
 170              		.cfi_def_cfa_offset 0
 171 0044 7047     		bx	lr
 172              		.cfi_endproc
 173              	.LFE139:
 175              		.text
 176              	.Letext0:
 177              		.file 2 "/usr/arm-none-eabi/include/machine/_default_types.h"
 178              		.file 3 "/usr/arm-none-eabi/include/sys/_stdint.h"
 179              		.file 4 "/usr/arm-none-eabi/include/sys/lock.h"
 180              		.file 5 "/usr/arm-none-eabi/include/sys/_types.h"
 181              		.file 6 "/usr/lib/gcc/arm-none-eabi/7.3.1/include/stddef.h"
 182              		.file 7 "/usr/arm-none-eabi/include/sys/reent.h"
 183              		.file 8 "/opt/XMClib/XMC_Peripheral_Library_v2.1.16/CMSIS/Include/core_cm4.h"
 184              		.file 9 "/opt/XMClib/XMC_Peripheral_Library_v2.1.16/CMSIS/Infineon/XMC4500_series/Include/system_X
 185              		.file 10 "/opt/XMClib/XMC_Peripheral_Library_v2.1.16/XMCLib/inc/xmc_gpio.h"
 186              		.file 11 "/opt/XMClib/XMC_Peripheral_Library_v2.1.16/XMCLib/inc/xmc4_gpio.h"
DEFINED SYMBOLS
                            *ABS*:0000000000000000 xmc_gpio.c
     /tmp/cc6vjjz8.s:17     .text.XMC_GPIO_SetMode:0000000000000000 $t
     /tmp/cc6vjjz8.s:24     .text.XMC_GPIO_SetMode:0000000000000000 XMC_GPIO_SetMode
     /tmp/cc6vjjz8.s:108    .text.XMC_GPIO_SetHardwareControl:0000000000000000 $t
     /tmp/cc6vjjz8.s:115    .text.XMC_GPIO_SetHardwareControl:0000000000000000 XMC_GPIO_SetHardwareControl
                           .group:0000000000000000 wm4.0.7a9f4dea188ccacb7d502cdcabb040c1
                           .group:0000000000000000 wm4.stddef.h.39.99b5021e28f91cdb161c889e07266673
                           .group:0000000000000000 wm4._newlib_version.h.4.875b979a44719054cd750d0952ad3fd6
                           .group:0000000000000000 wm4.features.h.33.5bd1eea2d80518b50f7af0b5ce6750e0
                           .group:0000000000000000 wm4._default_types.h.15.247e5cd201eca3442cbf5404108c4935
                           .group:0000000000000000 wm4._intsup.h.10.cce27fed8484c08a33f522034c30d2b5
                           .group:0000000000000000 wm4._stdint.h.10.c24fa3af3bc1706662bb5593a907e841
                           .group:0000000000000000 wm4.stdint.h.23.d53047a68f4a85177f80b422d52785ed
                           .group:0000000000000000 wm4.stdbool.h.29.07dce69c3b78884144b7f7bd19483461
                           .group:0000000000000000 wm4.newlib.h.8.f6e543eac3f2f65163ba2ffe3b04987b
                           .group:0000000000000000 wm4.ieeefp.h.77.220d9cccac42cd58761758bee2df4ce6
                           .group:0000000000000000 wm4.config.h.220.6cac6a9685cfce5e83c17784171638d9
                           .group:0000000000000000 wm4._ansi.h.31.de524f58584151836e90d8620a16f8e8
                           .group:0000000000000000 wm4.lock.h.2.1461d1fff82dffe8bfddc23307f6484f
                           .group:0000000000000000 wm4._types.h.125.5cf8a495f1f7ef36777ad868a1e32068
                           .group:0000000000000000 wm4.stddef.h.161.5349cb105733e8777bfb0cf53c4e3f34
                           .group:0000000000000000 wm4._types.h.184.03611d4f6b5bec9997bcf4279eceba07
                           .group:0000000000000000 wm4.reent.h.17.90c2574d4acdcfce933db5cb09ff35fe
                           .group:0000000000000000 wm4.cdefs.h.47.14fad0b327eb9dcf106599b738d85132
                           .group:0000000000000000 wm4.string.h.15.dab3980bf35408a4c507182805e2de3a
                           .group:0000000000000000 wm4.stddef.h.161.19e15733342b50ead2919490b095303e
                           .group:0000000000000000 wm4.xmc_device.h.61.ba2d082e12f51240746cffdd60d42b81
                           .group:0000000000000000 wm4.XMC4500.h.55.9aa45b9b5790506b2dcb963e4e7adeaf
                           .group:0000000000000000 wm4.core_cm4.h.32.6c6eb1c8daeca23ce7ba79c8e8120d52
                           .group:0000000000000000 wm4.cmsis_gcc.h.26.91b63349961c35637933e4fba51b867b
                           .group:0000000000000000 wm4.core_cm4.h.172.fdd5a388a160bb6ff767b7d7ee212268
                           .group:0000000000000000 wm4.system_XMC4500.h.42.99124977c10ca8844a71949adbeabd70
                           .group:0000000000000000 wm4.XMC4500.h.208.b340195df97f067735c4c769ba59985a
                           .group:0000000000000000 wm4.xmc_device.h.1460.8860499b404961ffcfbb8d1fefcb2146
                           .group:0000000000000000 wm4.xmc_common.h.92.3f4336a80569affab05a81145b87c2fc
                           .group:0000000000000000 wm4.xmc_gpio.h.97.fa6a2e1be6030a75d960293cc3bbbd6b
                           .group:0000000000000000 wm4.xmc4_gpio_map.h.74.66e9110cf801b78826ef5354da51c32f
                           .group:0000000000000000 wm4.xmc4_gpio.h.79.ce6c49508b5a7769c66e7e3c21dcdfe4

NO UNDEFINED SYMBOLS
